<?xml version="1.0" encoding="UTF-8"?>
<testsuite xmlns:xsi="http://www.w3.org/2001/XMLSchema-instance" xsi:noNamespaceSchemaLocation="https://maven.apache.org/surefire/maven-surefire-plugin/xsd/surefire-test-report.xsd" name="Test Login functionality" time="22.926" tests="2" errors="0" skipped="0" failures="1">
  <properties>
[...]
</properties>
  <testcase name="Check login is successful with valid credentials #1" classname="Test Login functionality" time="17.489"/>
  <testcase name="Check login is successful with valid credentials #2" classname="Test Login functionality" time="5.406">
    <failure type="java.lang.AssertionError">java.lang.AssertionError
</failure>
    <system-out><![CDATA[
@LoginTest
Scenario Outline: Check login is successful with valid credentials # src/test/Feature/LoginDemo.feature:15
Inside step- browser is open
  Given user opens the browser                                     # stepDefinitions.LoginDemoSteps.user_opens_the_browser()
  And user navigates to the login page of the site                 # stepDefinitions.LoginDemoSteps.user_navigates_to_the_login_page_of_the_site()
  When enters "Jack" and "password@123"                            # stepDefinitions.LoginDemoSteps.enters_username_and_password(java.lang.String,java.lang.String)
  And user clicks on login                                         # stepDefinitions.LoginDemoSteps.user_clicks_on_login()
  Then user navigates to the home page                             # stepDefinitions.LoginDemoSteps.user_navigates_to_the_home_page()
      java.lang.AssertionError
	at org.junit.Assert.fail(Assert.java:87)
	at org.junit.Assert.assertTrue(Assert.java:42)
	at org.junit.Assert.assertTrue(Assert.java:53)
	at stepDefinitions.LoginDemoSteps.user_navigates_to_the_home_page(LoginDemoSteps.java:52)
	at âœ½.user navigates to the home page(file:///D:/Cucumber-Project/src/test/Feature/LoginDemo.feature:10)

]]></system-out>
    <system-err><![CDATA[Starting ChromeDriver 102.0.5005.61 (0e59bcc00cc4985ce39ad31c150065f159d95ad3-refs/branch-heads/5005@{#819}) on port 60389
Only local connections are allowed.
Please see https://chromedriver.chromium.org/security-considerations for suggestions on keeping ChromeDriver safe.
ChromeDriver was started successfully.
[1658406498.960][WARNING]: This version of ChromeDriver has not been tested with Chrome version 103.
Jul 21, 2022 5:58:18 PM org.openqa.selenium.remote.ProtocolHandshake createSession
INFO: Detected dialect: W3C
Jul 21, 2022 5:58:19 PM org.openqa.selenium.devtools.CdpVersionFinder findNearestMatch
WARNING: Unable to find an exact match for CDP version 103, so returning the closest version found: a no-op implementation
Jul 21, 2022 5:58:19 PM org.openqa.selenium.devtools.CdpVersionFinder findNearestMatch
INFO: Unable to find CDP implementation matching 103.
Jul 21, 2022 5:58:19 PM org.openqa.selenium.chromium.ChromiumDriver lambda$new$3
WARNING: Unable to find version of CDP to use for . You may need to include a dependency on a specific version of the CDP using something similar to `org.seleniumhq.selenium:selenium-devtools-v86:4.0.0` where the version ("v86") matches the version of the chromium-based browser you're using and the version number of the artifact is the same as Selenium's.
]]></system-err>
  </testcase>
</testsuite>