-------------------------------------------------------------------------------
Test set: Test Login functionality
-------------------------------------------------------------------------------
Tests run: 2, Failures: 1, Errors: 0, Skipped: 0, Time elapsed: 22.926 s <<< FAILURE! - in Test Login functionality
Check login is successful with valid credentials #2(Test Login functionality)  Time elapsed: 5.406 s  <<< FAILURE!
java.lang.AssertionError

